<?xml version="1.0" encoding="UTF-8"?>
<testsuite name="TimeReminderApplicationTest" tests="1" skipped="0" failures="0" errors="0" timestamp="2023-03-02T15:58:09" hostname="ANTONHONOR" time="0.882">
  <properties/>
  <testcase name="start" classname="TimeReminderApplicationTest" time="0.882"/>
  <system-out><![CDATA[?[1;31m
Start test 1?[0m
?[1;31m
Start test 2?[0m
?[1;31m
Start test 3?[0m
?[1;31m
Start test 4?[0m
?[1;31m
Start test 5?[0m
?[1;31m
Start test 6?[0m
?[0;34mSize = 480.0x100.0
?[0m?[1;31m
Start test 7?[0m
?[0;34mx= 50.0; y= 220.0
?[0m]]></system-out>
  <system-err><![CDATA[]]></system-err>
</testsuite>
