<?xml version="1.0" encoding="UTF-8"?>
<testsuite name="TimeReminderApplicationTest" tests="1" skipped="0" failures="0" errors="0" timestamp="2023-03-08T06:53:49" hostname="ANTONHONOR" time="59.857">
  <properties/>
  <testcase name="start" classname="TimeReminderApplicationTest" time="59.857"/>
  <system-out><![CDATA[?[1;31m
Start test 1?[0m
?[0;34m09:53:50.428 [Test worker] INFO TimeReminderApplicationTest - The window name frame0
?[0m?[1;31m
Start test 2?[0m
?[1;31m
Start test 3?[0m
?[1;31m
Start test 4?[0m
?[1;31m
Start test 5?[0m
?[1;31m
Start test 6?[0m
?[0;34mSize = 480.0x100.0
?[0m?[1;31m
Start test 7?[0m
?[0;34mx= 50.0; y= 220.0
?[0m?[1;31m
Start test 8?[0m
?[0;34m09:53:50.715 [AWT-EventQueue-0] INFO reminderapplication.TimeReminderApplication - ADD Button selected, list size 0
?[0;34m09:53:50.774 [Test worker] INFO TimeReminderApplicationTest - Created Reminder org.assertj.swing.fixture.FrameFixture@3ce856fc
?[0m?[1;31m
Start test 9?[0m
?[1;31m
Start test 10?[0m
?[1;31m
Start test 11?[0m
?[1;31m
Start test 12?[0m
?[0m?[0;34mClosed
?[1;31m
Start test 13?[0m
?[0m?[0;34m09:53:51.169 [AWT-EventQueue-0] INFO reminderapplication.TimeReminderApplication - ADD Button selected, list size 0
?[0;34morg.assertj.swing.fixture.FrameFixture@49174888
?[0m?[0;34mCancel null
?[0m?[1;31m
Start test 14?[0m
?[0m?[0;34m09:53:51.727 [AWT-EventQueue-0] INFO reminderapplication.TimeReminderApplication - ADD Button selected, list size 0
?[0;34morg.assertj.swing.fixture.FrameFixture@60b58d7
?[0m?[0;34mADD no Edit 
?[0m?[0;34mNUMBER Reminder Text: ; Delay: 30; Period: 0;
?[0m?[1;31m
Start test 15?[0m
?[0m?[0;34m09:53:52.255 [AWT-EventQueue-0] INFO reminderapplication.TimeReminderApplication - ADD Button selected, list size 1
?[1;31m
Start test 16?[0m
?[0;34morg.assertj.swing.fixture.FrameFixture@13706ae0
?[0m?[0;34mADD no Edit Wake up
?[0m?[0;34mNUMBER Reminder Text: Wake up; Delay: 25; Period: 5;
?[0m?[0;34m09:53:53.738 [AWT-EventQueue-0] INFO reminderapplication.TimeReminderApplication - ADD Button selected, list size 2
?[0m?[0;34morg.assertj.swing.fixture.FrameFixture@603d8c0b
?[0m?[0;34mADD no Edit Gym
?[0m?[0;34mNUMBER Reminder Text: Gym; Delay: 15; Period: 10;
?[0m?[0;34m09:53:55.205 [AWT-EventQueue-0] INFO reminderapplication.TimeReminderApplication - ADD Button selected, list size 3
?[0m?[0;34morg.assertj.swing.fixture.FrameFixture@5c7cce5
?[0m?[0;34mADD no Edit Do not forget Java lessons
?[0m?[0;34mNUMBER Reminder Text: Do not forget Java lessons; Delay: 5; Period: 20;
?[0m?[0;34m09:53:56.545 [Test worker] INFO TimeReminderApplicationTest - Selected Reminder from Jlist Reminder Text: ; Delay: 30; Period: 0;
?[0m?[0;34m09:53:56.673 [AWT-EventQueue-0] INFO reminderapplication.TimeReminderApplication - Selected reminder from the  list Reminder Text: ; Delay: 30; Period: 0;
?[0m?[0;34m09:53:56.746 [AWT-EventQueue-0] INFO reminderapplication.TimeReminderApplication - Selected reminder from the  list Reminder Text: ; Delay: 30; Period: 0;
?[0m?[0;34m09:53:56.869 [Test worker] INFO TimeReminderApplicationTest - List size 4
?[0m?[0;34m09:53:56.869 [Test worker] INFO TimeReminderApplicationTest - Selected Reminder from Jlist Reminder Text: Wake up; Delay: 25; Period: 5;
?[0m?[0;34m09:53:56.994 [AWT-EventQueue-0] INFO reminderapplication.TimeReminderApplication - Selected reminder from the  list Reminder Text: Wake up; Delay: 25; Period: 5;
?[0m?[0;34m09:53:57.057 [AWT-EventQueue-0] INFO reminderapplication.TimeReminderApplication - Selected reminder from the  list Reminder Text: Wake up; Delay: 25; Period: 5;
?[0m?[0;34m09:53:57.182 [Test worker] INFO TimeReminderApplicationTest - List size 4
?[0m?[0;34m09:53:57.182 [Test worker] INFO TimeReminderApplicationTest - Selected Reminder from Jlist Reminder Text: Gym; Delay: 15; Period: 10;
?[0m?[0;34m09:53:57.311 [AWT-EventQueue-0] INFO reminderapplication.TimeReminderApplication - Selected reminder from the  list Reminder Text: Gym; Delay: 15; Period: 10;
?[0m?[0;34m09:53:57.386 [AWT-EventQueue-0] INFO reminderapplication.TimeReminderApplication - Selected reminder from the  list Reminder Text: Gym; Delay: 15; Period: 10;
?[0m?[0;34m09:53:57.509 [Test worker] INFO TimeReminderApplicationTest - List size 4
?[0m?[0;34m09:53:57.510 [Test worker] INFO TimeReminderApplicationTest - Selected Reminder from Jlist Reminder Text: Do not forget Java lessons; Delay: 5; Period: 20;
?[0m?[0;34m09:53:57.636 [AWT-EventQueue-0] INFO reminderapplication.TimeReminderApplication - Selected reminder from the  list Reminder Text: Do not forget Java lessons; Delay: 5; Period: 20;
?[0m?[0;34m09:53:57.698 [AWT-EventQueue-0] INFO reminderapplication.TimeReminderApplication - Selected reminder from the  list Reminder Text: Do not forget Java lessons; Delay: 5; Period: 20;
?[0m?[0;34m09:53:57.824 [Test worker] INFO TimeReminderApplicationTest - List size 4
?[0m?[1;31m
Start test 17?[0m
?[0;34m4
?[0m?[0;34mReminder Text: Do not forget Java lessons; Delay: 5; Period: 20;
?[0m?[0;34m09:53:58.276 [AWT-EventQueue-0] INFO reminderapplication.TimeReminderApplication - EDIT button selected Reminder Text: Do not forget Java lessons; Delay: 5; Period: 20; 
?[0m?[0;34morg.assertj.swing.fixture.FrameFixture@5c7cce5
?[0m?[0;34mOK Edit Do not forget Java lessons and Swim
?[0m?[0;34m09:54:01.137 [AWT-EventQueue-0] INFO reminderapplication.TimeReminderApplication - Selected reminder from the  list Reminder Text: Gym; Delay: 15; Period: 10;
?[0m?[0;34m09:54:01.197 [AWT-EventQueue-0] INFO reminderapplication.TimeReminderApplication - Selected reminder from the  list Reminder Text: Gym; Delay: 15; Period: 10;
?[0m?[0;34mReminder Text: Gym; Delay: 15; Period: 10;
?[0m?[0;34m09:54:01.448 [AWT-EventQueue-0] INFO reminderapplication.TimeReminderApplication - EDIT button selected Reminder Text: Gym; Delay: 15; Period: 10; 
?[0m?[0;34morg.assertj.swing.fixture.FrameFixture@603d8c0b
?[0m?[0;34mOK Edit Gym and Swim
?[0m?[0;34m09:54:04.151 [AWT-EventQueue-0] INFO reminderapplication.TimeReminderApplication - Selected reminder from the  list Reminder Text: Wake up; Delay: 25; Period: 5;
?[0m?[0;34m09:54:04.213 [AWT-EventQueue-0] INFO reminderapplication.TimeReminderApplication - Selected reminder from the  list Reminder Text: Wake up; Delay: 25; Period: 5;
?[0m?[0;34mReminder Text: Wake up; Delay: 25; Period: 5;
?[0m?[0;34m09:54:04.459 [AWT-EventQueue-0] INFO reminderapplication.TimeReminderApplication - EDIT button selected Reminder Text: Wake up; Delay: 25; Period: 5; 
?[0m?[0;34morg.assertj.swing.fixture.FrameFixture@13706ae0
?[0m?[0;34mOK Edit Wake up and Swim
?[0m?[0;34m09:54:07.346 [AWT-EventQueue-0] INFO reminderapplication.TimeReminderApplication - Selected reminder from the  list Reminder Text: ; Delay: 30; Period: 0;
?[0m?[0;34m09:54:07.410 [AWT-EventQueue-0] INFO reminderapplication.TimeReminderApplication - Selected reminder from the  list Reminder Text: ; Delay: 30; Period: 0;
?[0m?[0;34mReminder Text: ; Delay: 30; Period: 0;
?[0m?[0;34m09:54:07.684 [AWT-EventQueue-0] INFO reminderapplication.TimeReminderApplication - EDIT button selected Reminder Text: ; Delay: 30; Period: 0; 
?[0m?[0;34morg.assertj.swing.fixture.FrameFixture@60b58d7
?[0m?[0;34mOK Edit  and Swim
?[0m?[0;34mReminder Text:  and Swim; Delay: 5; Period: 20;
?[0m?[0;34m09:54:10.590 [Test worker] INFO TimeReminderApplicationTest - List size 4
?[0m?[0;34mReminder Text: Wake up and Swim; Delay: 15; Period: 10;
?[0m?[0;34m09:54:10.703 [AWT-EventQueue-0] INFO reminderapplication.TimeReminderApplication - Selected reminder from the  list Reminder Text: Wake up and Swim; Delay: 15; Period: 10;
?[0m?[0;34m09:54:10.764 [AWT-EventQueue-0] INFO reminderapplication.TimeReminderApplication - Selected reminder from the  list Reminder Text: Wake up and Swim; Delay: 15; Period: 10;
?[0m?[0;34m09:54:10.876 [Test worker] INFO TimeReminderApplicationTest - List size 4
?[0m?[0;34mReminder Text: Gym and Swim; Delay: 25; Period: 5;
?[0m?[0;34m09:54:10.992 [AWT-EventQueue-0] INFO reminderapplication.TimeReminderApplication - Selected reminder from the  list Reminder Text: Gym and Swim; Delay: 25; Period: 5;
?[0m?[0;34m09:54:11.053 [AWT-EventQueue-0] INFO reminderapplication.TimeReminderApplication - Selected reminder from the  list Reminder Text: Gym and Swim; Delay: 25; Period: 5;
?[0m?[0;34m09:54:11.165 [Test worker] INFO TimeReminderApplicationTest - List size 4
?[0m?[0;34mReminder Text: Do not forget Java lessons and Swim; Delay: 30; Period: 0;
?[0m?[0;34m09:54:11.280 [AWT-EventQueue-0] INFO reminderapplication.TimeReminderApplication - Selected reminder from the  list Reminder Text: Do not forget Java lessons and Swim; Delay: 30; Period: 0;
?[0m?[0;34m09:54:11.341 [AWT-EventQueue-0] INFO reminderapplication.TimeReminderApplication - Selected reminder from the  list Reminder Text: Do not forget Java lessons and Swim; Delay: 30; Period: 0;
?[0m?[0;34m09:54:11.453 [Test worker] INFO TimeReminderApplicationTest - List size 4
?[0m?[1;31m
Start test 18?[0m
?[0;34m09:54:11.458 [Test worker] INFO TimeReminderApplicationTest - List size 4
?[0m?[0;34m09:54:11.588 [AWT-EventQueue-0] INFO reminderapplication.TimeReminderApplication - Selected reminder from the  list Reminder Text:  and Swim; Delay: 5; Period: 20;
?[0m?[0;34m09:54:11.651 [AWT-EventQueue-0] INFO reminderapplication.TimeReminderApplication - Selected reminder from the  list Reminder Text:  and Swim; Delay: 5; Period: 20;
?[0m?[0;34m09:54:12.106 [AWT-EventQueue-0] INFO reminderapplication.TimeReminderApplication - Selected reminder from the  list null
?[0m?[0;34m3
?[0m?[0;34m09:54:12.230 [Test worker] INFO TimeReminderApplicationTest - List size 3
?[0m?[0;34m09:54:12.356 [AWT-EventQueue-0] INFO reminderapplication.TimeReminderApplication - Selected reminder from the  list Reminder Text: Wake up and Swim; Delay: 15; Period: 10;
?[0m?[0;34m09:54:12.418 [AWT-EventQueue-0] INFO reminderapplication.TimeReminderApplication - Selected reminder from the  list Reminder Text: Wake up and Swim; Delay: 15; Period: 10;
?[0m?[0;34m09:54:12.874 [AWT-EventQueue-0] INFO reminderapplication.TimeReminderApplication - Selected reminder from the  list null
?[0m?[0;34m2
?[0m?[0;34m09:54:12.998 [Test worker] INFO TimeReminderApplicationTest - List size 2
?[0m?[0;34m09:54:13.126 [AWT-EventQueue-0] INFO reminderapplication.TimeReminderApplication - Selected reminder from the  list Reminder Text: Gym and Swim; Delay: 25; Period: 5;
?[0m?[0;34m09:54:13.185 [AWT-EventQueue-0] INFO reminderapplication.TimeReminderApplication - Selected reminder from the  list Reminder Text: Gym and Swim; Delay: 25; Period: 5;
?[0m?[0;34m09:54:13.636 [AWT-EventQueue-0] INFO reminderapplication.TimeReminderApplication - Selected reminder from the  list null
?[0m?[0;34m1
?[0m?[0;34m09:54:13.761 [Test worker] INFO TimeReminderApplicationTest - List size 1
?[0m?[0;34m09:54:13.888 [AWT-EventQueue-0] INFO reminderapplication.TimeReminderApplication - Selected reminder from the  list Reminder Text: Do not forget Java lessons and Swim; Delay: 30; Period: 0;
?[0m?[0;34m09:54:13.950 [AWT-EventQueue-0] INFO reminderapplication.TimeReminderApplication - Selected reminder from the  list Reminder Text: Do not forget Java lessons and Swim; Delay: 30; Period: 0;
?[0m?[0;34m09:54:14.402 [AWT-EventQueue-0] INFO reminderapplication.TimeReminderApplication - Selected reminder from the  list null
?[0m?[0;34m0
?[0m?[1;31m
Start test 19?[0m
?[0m?[0;34m09:54:14.672 [AWT-EventQueue-0] INFO reminderapplication.TimeReminderApplication - ADD Button selected, list size 0
?[0;34morg.assertj.swing.fixture.FrameFixture@18b3c592
?[0m?[0;34mADD no Edit Test reminder starts after set delay
?[0m?[0;34m09:54:15.346 [AWT-EventQueue-0] INFO reminderapplication.TimeReminderApplication - Selected reminder from the  list null
?[0m?[0;34mNUMBER Reminder Text: Test reminder starts after set delay; Delay: 5; Period: 0;
?[0;34mC:\Users\anton\Downloads\Reminder Application\Reminder application\stage4\src\reminderapplication\music.wav
?[0m?[0;34mmoe C:\Users\anton\Downloads\Reminder Application\Reminder application\stage4\src\reminderapplication\music.wav
?[0m?[0;34mabsC:\Users\anton\Downloads\Reminder Application\Reminder application\stage4\src\reminderapplication\music.wav
?[0m?[0;34mМузыка com.sun.media.sound.DirectAudioDevice$DirectClip@723da7a1
?[0m?[0;34morg.assertj.swing.fixture.FrameFixture@18b3c592
?[0m?[1;31m
Start test 20?[0m
?[0m?[0;34mBeep!
?[0m?[0;34mTask performed on: Wed Mar 08 09:54:25 MSK 2023nThread's name: Timer-8
?[0m?[0;34m09:54:27.618 [AWT-EventQueue-0] INFO reminderapplication.TimeReminderApplication - ADD Button selected, list size 1
?[0;34morg.assertj.swing.fixture.FrameFixture@795fca47
?[0m?[0;34mADD no Edit Test 1 reminder OK button check
?[0m?[0;34m09:54:28.296 [AWT-EventQueue-0] INFO reminderapplication.TimeReminderApplication - Selected reminder from the  list null
?[0m?[0;34mNUMBER Reminder Text: Test 1 reminder OK button check; Delay: 5; Period: 0;
?[0;34mC:\Users\anton\Downloads\Reminder Application\Reminder application\stage4\src\reminderapplication\music.wav
?[0m?[0;34mmoe C:\Users\anton\Downloads\Reminder Application\Reminder application\stage4\src\reminderapplication\music.wav
?[0m?[0;34mabsC:\Users\anton\Downloads\Reminder Application\Reminder application\stage4\src\reminderapplication\music.wav
?[0m?[0;34mМузыка com.sun.media.sound.DirectAudioDevice$DirectClip@bfa5eb4
?[0m?[0;34morg.assertj.swing.fixture.FrameFixture@795fca47
?[0m?[1;31m
Start test 21?[0m
?[0m?[0;34mBeep!
?[0m?[0;34mTask performed on: Wed Mar 08 09:54:38 MSK 2023nThread's name: Timer-9
?[0m?[0;34m09:54:40.534 [AWT-EventQueue-0] INFO reminderapplication.TimeReminderApplication - Selected reminder from the  list Reminder Text: Test reminder starts after set delay; Delay: 5; Period: 0;
?[0m?[0;34m09:54:40.595 [AWT-EventQueue-0] INFO reminderapplication.TimeReminderApplication - Selected reminder from the  list Reminder Text: Test reminder starts after set delay; Delay: 5; Period: 0;
?[0m?[0;34m09:54:40.838 [AWT-EventQueue-0] INFO reminderapplication.TimeReminderApplication - EDIT button selected Reminder Text: Test reminder starts after set delay; Delay: 5; Period: 0; 
?[0;34morg.assertj.swing.fixture.FrameFixture@18b3c592
?[0m?[0;34mOK Edit Test 2 reminder OK button check
?[0;34mC:\Users\anton\Downloads\Reminder Application\Reminder application\stage4\src\reminderapplication\music.wav
?[0m?[0;34mmoe C:\Users\anton\Downloads\Reminder Application\Reminder application\stage4\src\reminderapplication\music.wav
?[0m?[0;34mabsC:\Users\anton\Downloads\Reminder Application\Reminder application\stage4\src\reminderapplication\music.wav
?[0m?[0;34mМузыка com.sun.media.sound.DirectAudioDevice$DirectClip@36508f80
?[0m?[0;34mBeep!
?[0m?[0;34mTask performed on: Wed Mar 08 09:54:46 MSK 2023nThread's name: Timer-10
?[0m?[0;34morg.assertj.swing.fixture.FrameFixture@18b3c592
?[0m]]></system-out>
  <system-err><![CDATA[]]></system-err>
</testsuite>
