<?xml version="1.0" encoding="UTF-8"?>
<testsuite name="TimeReminderApplicationTest" tests="1" skipped="0" failures="0" errors="0" timestamp="2023-03-14T13:04:46" hostname="ANTONHONOR" time="59.461">
  <properties/>
  <testcase name="start" classname="TimeReminderApplicationTest" time="59.461"/>
  <system-out><![CDATA[?[1;31m
Start test 1?[0m
?[1;31m
Start test 2?[0m
?[1;31m
Start test 3?[0m
?[1;31m
Start test 4?[0m
?[1;31m
Start test 5?[0m
?[1;31m
Start test 6?[0m
?[0;34m16:04:47.694 [Test worker] INFO TimeReminderApplicationTest - Size = 480.0 x 100.0
?[0m?[1;31m
Start test 7?[0m
?[0;34m16:04:47.707 [Test worker] INFO TimeReminderApplicationTest - x=  50.0 , y=  220.0
?[0m?[1;31m
Start test 8?[0m
?[0;34m16:04:47.917 [AWT-EventQueue-0] INFO reminderapplication.TimeReminderApplication - ADD Button selected, list size 0
?[0;34m16:04:47.988 [Test worker] INFO TimeReminderApplicationTest - Created Reminder org.assertj.swing.fixture.FrameFixture@6801f19e
?[0m?[1;31m
Start test 9?[0m
?[1;31m
Start test 10?[0m
?[1;31m
Start test 11?[0m
?[1;31m
Start test 12?[0m
?[0m?[0;34m16:04:48.171 [AWT-EventQueue-0] INFO reminderapplication.ReminderFrame - Closed
?[1;31m
Start test 13?[0m
?[0m?[0;34m16:04:48.415 [AWT-EventQueue-0] INFO reminderapplication.TimeReminderApplication - ADD Button selected, list size 0
?[0;34m16:04:48.514 [Test worker] INFO TimeReminderApplicationTest - null
?[0m?[1;31m
Start test 14?[0m
?[0m?[0;34m16:04:48.975 [AWT-EventQueue-0] INFO reminderapplication.TimeReminderApplication - ADD Button selected, list size 0
?[0;34m16:04:49.078 [Test worker] INFO TimeReminderApplicationTest - org.assertj.swing.fixture.FrameFixture@5edc3ed7
?[0m?[0;34m16:04:49.231 [AWT-EventQueue-0] INFO reminderapplication.Controller - ADD no Edit 
?[0m?[0;34m16:04:49.232 [AWT-EventQueue-0] INFO reminderapplication.Controller - NUMBER  Reminder Text: ; Delay: 30; Period: 0;
?[0m?[1;31m
Start test 15?[0m
?[0m?[0;34m16:04:49.535 [AWT-EventQueue-0] INFO reminderapplication.TimeReminderApplication - ADD Button selected, list size 1
?[1;31m
Start test 16?[0m
?[0;34m16:04:49.649 [Test worker] INFO TimeReminderApplicationTest - org.assertj.swing.fixture.FrameFixture@7072bfe6
?[0m?[0;34m16:04:50.764 [AWT-EventQueue-0] INFO reminderapplication.Controller - ADD no Edit Wake up
?[0m?[0;34m16:04:50.764 [AWT-EventQueue-0] INFO reminderapplication.Controller - NUMBER  Reminder Text: Wake up; Delay: 25; Period: 5;
?[0m?[0;34m16:04:51.052 [AWT-EventQueue-0] INFO reminderapplication.TimeReminderApplication - ADD Button selected, list size 2
?[0m?[0;34m16:04:51.155 [Test worker] INFO TimeReminderApplicationTest - org.assertj.swing.fixture.FrameFixture@240e0835
?[0m?[0;34m16:04:52.259 [AWT-EventQueue-0] INFO reminderapplication.Controller - ADD no Edit Gym
?[0m?[0;34m16:04:52.260 [AWT-EventQueue-0] INFO reminderapplication.Controller - NUMBER  Reminder Text: Gym; Delay: 15; Period: 10;
?[0m?[0;34m16:04:52.553 [AWT-EventQueue-0] INFO reminderapplication.TimeReminderApplication - ADD Button selected, list size 3
?[0m?[0;34m16:04:52.655 [Test worker] INFO TimeReminderApplicationTest - org.assertj.swing.fixture.FrameFixture@73f0a64f
?[0m?[0;34m16:04:53.756 [AWT-EventQueue-0] INFO reminderapplication.Controller - ADD no Edit Do not forget Java lessons
?[0m?[0;34m16:04:53.756 [AWT-EventQueue-0] INFO reminderapplication.Controller - NUMBER  Reminder Text: Do not forget Java lessons; Delay: 5; Period: 20;
?[0m?[0;34m16:04:53.871 [Test worker] INFO TimeReminderApplicationTest - Selected Reminder from Jlist: Reminder Text: ; Delay: 30; Period: 0;
?[0m?[0;34m16:04:53.989 [AWT-EventQueue-0] INFO reminderapplication.TimeReminderApplication - Selected reminder from the  list Reminder Text: ; Delay: 30; Period: 0;
?[0m?[0;34m16:04:54.050 [AWT-EventQueue-0] INFO reminderapplication.TimeReminderApplication - Selected reminder from the  list Reminder Text: ; Delay: 30; Period: 0;
?[0m?[0;34m16:04:54.160 [Test worker] INFO TimeReminderApplicationTest - List size 4
?[0m?[0;34m16:04:54.161 [Test worker] INFO TimeReminderApplicationTest - Selected Reminder from Jlist: Reminder Text: Wake up; Delay: 25; Period: 5;
?[0m?[0;34m16:04:54.274 [AWT-EventQueue-0] INFO reminderapplication.TimeReminderApplication - Selected reminder from the  list Reminder Text: Wake up; Delay: 25; Period: 5;
?[0m?[0;34m16:04:54.336 [AWT-EventQueue-0] INFO reminderapplication.TimeReminderApplication - Selected reminder from the  list Reminder Text: Wake up; Delay: 25; Period: 5;
?[0m?[0;34m16:04:54.448 [Test worker] INFO TimeReminderApplicationTest - List size 4
?[0m?[0;34m16:04:54.448 [Test worker] INFO TimeReminderApplicationTest - Selected Reminder from Jlist: Reminder Text: Gym; Delay: 15; Period: 10;
?[0m?[0;34m16:04:54.563 [AWT-EventQueue-0] INFO reminderapplication.TimeReminderApplication - Selected reminder from the  list Reminder Text: Gym; Delay: 15; Period: 10;
?[0m?[0;34m16:04:54.624 [AWT-EventQueue-0] INFO reminderapplication.TimeReminderApplication - Selected reminder from the  list Reminder Text: Gym; Delay: 15; Period: 10;
?[0m?[0;34m16:04:54.737 [Test worker] INFO TimeReminderApplicationTest - List size 4
?[0m?[0;34m16:04:54.738 [Test worker] INFO TimeReminderApplicationTest - Selected Reminder from Jlist: Reminder Text: Do not forget Java lessons; Delay: 5; Period: 20;
?[0m?[0;34m16:04:54.858 [AWT-EventQueue-0] INFO reminderapplication.TimeReminderApplication - Selected reminder from the  list Reminder Text: Do not forget Java lessons; Delay: 5; Period: 20;
?[0m?[0;34m16:04:54.918 [AWT-EventQueue-0] INFO reminderapplication.TimeReminderApplication - Selected reminder from the  list Reminder Text: Do not forget Java lessons; Delay: 5; Period: 20;
?[0m?[0;34m16:04:55.030 [Test worker] INFO TimeReminderApplicationTest - List size 4
?[0m?[1;31m
Start test 17?[0m
?[0;34m16:04:55.034 [Test worker] INFO TimeReminderApplicationTest - JList size 4
?[0m?[0;34m16:04:55.322 [Test worker] INFO TimeReminderApplicationTest - JList value at  Reminder Text: Do not forget Java lessons; Delay: 5; Period: 20;
?[0m?[0;34m16:04:55.458 [AWT-EventQueue-0] INFO reminderapplication.TimeReminderApplication - EDIT button selected Reminder Text: Do not forget Java lessons; Delay: 5; Period: 20; 
?[0m?[0;34m16:04:55.562 [Test worker] INFO TimeReminderApplicationTest - org.assertj.swing.fixture.FrameFixture@73f0a64f
?[0m?[0;34m16:04:57.931 [AWT-EventQueue-0] INFO reminderapplication.Controller - OK Edit Do not forget Java lessons and Swim
?[0m?[0;34m16:04:58.157 [AWT-EventQueue-0] INFO reminderapplication.TimeReminderApplication - Selected reminder from the  list Reminder Text: Gym; Delay: 15; Period: 10;
?[0m?[0;34m16:04:58.217 [AWT-EventQueue-0] INFO reminderapplication.TimeReminderApplication - Selected reminder from the  list Reminder Text: Gym; Delay: 15; Period: 10;
?[0m?[0;34m16:04:58.329 [Test worker] INFO TimeReminderApplicationTest - JList value at  Reminder Text: Gym; Delay: 15; Period: 10;
?[0m?[0;34m16:04:58.465 [AWT-EventQueue-0] INFO reminderapplication.TimeReminderApplication - EDIT button selected Reminder Text: Gym; Delay: 15; Period: 10; 
?[0m?[0;34m16:04:58.571 [Test worker] INFO TimeReminderApplicationTest - org.assertj.swing.fixture.FrameFixture@240e0835
?[0m?[0;34m16:05:00.934 [AWT-EventQueue-0] INFO reminderapplication.Controller - OK Edit Gym and Swim
?[0m?[0;34m16:05:01.162 [AWT-EventQueue-0] INFO reminderapplication.TimeReminderApplication - Selected reminder from the  list Reminder Text: Wake up; Delay: 25; Period: 5;
?[0m?[0;34m16:05:01.223 [AWT-EventQueue-0] INFO reminderapplication.TimeReminderApplication - Selected reminder from the  list Reminder Text: Wake up; Delay: 25; Period: 5;
?[0m?[0;34m16:05:01.335 [Test worker] INFO TimeReminderApplicationTest - JList value at  Reminder Text: Wake up; Delay: 25; Period: 5;
?[0m?[0;34m16:05:01.474 [AWT-EventQueue-0] INFO reminderapplication.TimeReminderApplication - EDIT button selected Reminder Text: Wake up; Delay: 25; Period: 5; 
?[0m?[0;34m16:05:01.578 [Test worker] INFO TimeReminderApplicationTest - org.assertj.swing.fixture.FrameFixture@7072bfe6
?[0m?[0;34m16:05:03.942 [AWT-EventQueue-0] INFO reminderapplication.Controller - OK Edit Wake up and Swim
?[0m?[0;34m16:05:04.170 [AWT-EventQueue-0] INFO reminderapplication.TimeReminderApplication - Selected reminder from the  list Reminder Text: ; Delay: 30; Period: 0;
?[0m?[0;34m16:05:04.230 [AWT-EventQueue-0] INFO reminderapplication.TimeReminderApplication - Selected reminder from the  list Reminder Text: ; Delay: 30; Period: 0;
?[0m?[0;34m16:05:04.341 [Test worker] INFO TimeReminderApplicationTest - JList value at  Reminder Text: ; Delay: 30; Period: 0;
?[0m?[0;34m16:05:04.478 [AWT-EventQueue-0] INFO reminderapplication.TimeReminderApplication - EDIT button selected Reminder Text: ; Delay: 30; Period: 0; 
?[0m?[0;34m16:05:04.582 [Test worker] INFO TimeReminderApplicationTest - org.assertj.swing.fixture.FrameFixture@5edc3ed7
?[0m?[0;34m16:05:06.963 [AWT-EventQueue-0] INFO reminderapplication.Controller - OK Edit  and Swim
?[0m?[0;34m16:05:07.075 [Test worker] INFO TimeReminderApplicationTest - Reminder Reminder Text:  and Swim; Delay: 5; Period: 20;
?[0m?[0;34m16:05:07.367 [Test worker] INFO TimeReminderApplicationTest - List size 4
?[0m?[0;34m16:05:07.367 [Test worker] INFO TimeReminderApplicationTest - Reminder Reminder Text: Wake up and Swim; Delay: 15; Period: 10;
?[0m?[0;34m16:05:07.482 [AWT-EventQueue-0] INFO reminderapplication.TimeReminderApplication - Selected reminder from the  list Reminder Text: Wake up and Swim; Delay: 15; Period: 10;
?[0m?[0;34m16:05:07.543 [AWT-EventQueue-0] INFO reminderapplication.TimeReminderApplication - Selected reminder from the  list Reminder Text: Wake up and Swim; Delay: 15; Period: 10;
?[0m?[0;34m16:05:07.654 [Test worker] INFO TimeReminderApplicationTest - List size 4
?[0m?[0;34m16:05:07.655 [Test worker] INFO TimeReminderApplicationTest - Reminder Reminder Text: Gym and Swim; Delay: 25; Period: 5;
?[0m?[0;34m16:05:07.770 [AWT-EventQueue-0] INFO reminderapplication.TimeReminderApplication - Selected reminder from the  list Reminder Text: Gym and Swim; Delay: 25; Period: 5;
?[0m?[0;34m16:05:07.832 [AWT-EventQueue-0] INFO reminderapplication.TimeReminderApplication - Selected reminder from the  list Reminder Text: Gym and Swim; Delay: 25; Period: 5;
?[0m?[0;34m16:05:07.943 [Test worker] INFO TimeReminderApplicationTest - List size 4
?[0m?[0;34m16:05:07.943 [Test worker] INFO TimeReminderApplicationTest - Reminder Reminder Text: Do not forget Java lessons and Swim; Delay: 30; Period: 0;
?[0m?[0;34m16:05:08.056 [AWT-EventQueue-0] INFO reminderapplication.TimeReminderApplication - Selected reminder from the  list Reminder Text: Do not forget Java lessons and Swim; Delay: 30; Period: 0;
?[0m?[0;34m16:05:08.117 [AWT-EventQueue-0] INFO reminderapplication.TimeReminderApplication - Selected reminder from the  list Reminder Text: Do not forget Java lessons and Swim; Delay: 30; Period: 0;
?[0m?[0;34m16:05:08.229 [Test worker] INFO TimeReminderApplicationTest - List size 4
?[0m?[1;31m
Start test 18?[0m
?[0;34m16:05:08.234 [Test worker] INFO TimeReminderApplicationTest - List size 4
?[0m?[0;34m16:05:08.357 [AWT-EventQueue-0] INFO reminderapplication.TimeReminderApplication - Selected reminder from the  list Reminder Text:  and Swim; Delay: 5; Period: 20;
?[0m?[0;34m16:05:08.418 [AWT-EventQueue-0] INFO reminderapplication.TimeReminderApplication - Selected reminder from the  list Reminder Text:  and Swim; Delay: 5; Period: 20;
?[0m?[0;34m16:05:08.855 [AWT-EventQueue-0] INFO reminderapplication.TimeReminderApplication - Selected reminder from the  list null
?[0m?[0;34m16:05:08.855 [AWT-EventQueue-0] INFO reminderapplication.Controller - 
?[0m?[0;34m16:05:08.966 [Test worker] INFO TimeReminderApplicationTest - List size 3
?[0m?[0;34m16:05:09.081 [AWT-EventQueue-0] INFO reminderapplication.TimeReminderApplication - Selected reminder from the  list Reminder Text: Wake up and Swim; Delay: 15; Period: 10;
?[0m?[0;34m16:05:09.142 [AWT-EventQueue-0] INFO reminderapplication.TimeReminderApplication - Selected reminder from the  list Reminder Text: Wake up and Swim; Delay: 15; Period: 10;
?[0m?[0;34m16:05:09.580 [AWT-EventQueue-0] INFO reminderapplication.TimeReminderApplication - Selected reminder from the  list null
?[0m?[0;34m16:05:09.580 [AWT-EventQueue-0] INFO reminderapplication.Controller - 
?[0m?[0;34m16:05:09.693 [Test worker] INFO TimeReminderApplicationTest - List size 2
?[0m?[0;34m16:05:09.809 [AWT-EventQueue-0] INFO reminderapplication.TimeReminderApplication - Selected reminder from the  list Reminder Text: Gym and Swim; Delay: 25; Period: 5;
?[0m?[0;34m16:05:09.870 [AWT-EventQueue-0] INFO reminderapplication.TimeReminderApplication - Selected reminder from the  list Reminder Text: Gym and Swim; Delay: 25; Period: 5;
?[0m?[0;34m16:05:10.303 [AWT-EventQueue-0] INFO reminderapplication.TimeReminderApplication - Selected reminder from the  list null
?[0m?[0;34m16:05:10.304 [AWT-EventQueue-0] INFO reminderapplication.Controller - 
?[0m?[0;34m16:05:10.416 [Test worker] INFO TimeReminderApplicationTest - List size 1
?[0m?[0;34m16:05:10.531 [AWT-EventQueue-0] INFO reminderapplication.TimeReminderApplication - Selected reminder from the  list Reminder Text: Do not forget Java lessons and Swim; Delay: 30; Period: 0;
?[0m?[0;34m16:05:10.590 [AWT-EventQueue-0] INFO reminderapplication.TimeReminderApplication - Selected reminder from the  list Reminder Text: Do not forget Java lessons and Swim; Delay: 30; Period: 0;
?[0m?[0;34m16:05:11.028 [AWT-EventQueue-0] INFO reminderapplication.TimeReminderApplication - Selected reminder from the  list null
?[0m?[0;34m16:05:11.028 [AWT-EventQueue-0] INFO reminderapplication.Controller - 
?[0m?[1;31m
Start test 19?[0m
?[0m?[0;34m16:05:11.295 [AWT-EventQueue-0] INFO reminderapplication.TimeReminderApplication - ADD Button selected, list size 0
?[0;34m16:05:11.387 [Test worker] INFO TimeReminderApplicationTest - org.assertj.swing.fixture.FrameFixture@2dab1d4a
?[0m?[0;34m16:05:11.971 [AWT-EventQueue-0] INFO reminderapplication.Controller - ADD no Edit Test reminder starts after set delay
?[0m?[0;34m16:05:11.971 [AWT-EventQueue-0] INFO reminderapplication.TimeReminderApplication - Selected reminder from the  list null
?[0m?[0;34m16:05:11.971 [AWT-EventQueue-0] INFO reminderapplication.Controller - NUMBER  Reminder Text: Test reminder starts after set delay; Delay: 5; Period: 0;
?[0;34m16:05:16.973 [Timer-8] INFO reminderapplication.Controller - C:\Users\anton\Downloads\Reminder Application\Reminder application\stage4\src\reminderapplication\music.wav
?[0m?[0;34m16:05:16.974 [Timer-8] INFO reminderapplication.Music - relative path C:\Users\anton\Downloads\Reminder Application\Reminder application\stage4\src\reminderapplication\music.wav
?[0m?[0;34m16:05:16.974 [Timer-8] INFO reminderapplication.Music - absolute path C:\Users\anton\Downloads\Reminder Application\Reminder application\stage4\src\reminderapplication\music.wav
?[0m?[0;34m16:05:17.008 [Timer-8] INFO reminderapplication.Music - Clip instance com.sun.media.sound.DirectAudioDevice$DirectClip@576c6133
?[0m?[0;34m16:05:20.091 [Test worker] INFO TimeReminderApplicationTest - org.assertj.swing.fixture.FrameFixture@2dab1d4a
?[0m?[1;31m
Start test 20?[0m
?[0m?[0;34m16:05:22.033 [Timer-8] INFO reminderapplication.Controller - Task performed on
?[0m?[0;34m16:05:24.245 [AWT-EventQueue-0] INFO reminderapplication.TimeReminderApplication - ADD Button selected, list size 1
?[0;34m16:05:24.341 [Test worker] INFO TimeReminderApplicationTest - org.assertj.swing.fixture.FrameFixture@55d4f09
?[0m?[0;34m16:05:24.931 [AWT-EventQueue-0] INFO reminderapplication.Controller - ADD no Edit Test 1 reminder OK button check
?[0m?[0;34m16:05:24.931 [AWT-EventQueue-0] INFO reminderapplication.TimeReminderApplication - Selected reminder from the  list null
?[0m?[0;34m16:05:24.932 [AWT-EventQueue-0] INFO reminderapplication.Controller - NUMBER  Reminder Text: Test 1 reminder OK button check; Delay: 5; Period: 0;
?[0;34m16:05:29.933 [Timer-9] INFO reminderapplication.Controller - C:\Users\anton\Downloads\Reminder Application\Reminder application\stage4\src\reminderapplication\music.wav
?[0m?[0;34m16:05:29.933 [Timer-9] INFO reminderapplication.Music - relative path C:\Users\anton\Downloads\Reminder Application\Reminder application\stage4\src\reminderapplication\music.wav
?[0m?[0;34m16:05:29.933 [Timer-9] INFO reminderapplication.Music - absolute path C:\Users\anton\Downloads\Reminder Application\Reminder application\stage4\src\reminderapplication\music.wav
?[0m?[0;34m16:05:29.943 [Timer-9] INFO reminderapplication.Music - Clip instance com.sun.media.sound.DirectAudioDevice$DirectClip@76f5177b
?[0m?[0;34m16:05:33.050 [Test worker] INFO TimeReminderApplicationTest - org.assertj.swing.fixture.FrameFixture@55d4f09
?[0m?[1;31m
Start test 21?[0m
?[0m?[0;34m16:05:34.969 [Timer-9] INFO reminderapplication.Controller - Task performed on
?[0m?[0;34m16:05:37.195 [AWT-EventQueue-0] INFO reminderapplication.TimeReminderApplication - Selected reminder from the  list Reminder Text: Test reminder starts after set delay; Delay: 5; Period: 0;
?[0m?[0;34m16:05:37.255 [AWT-EventQueue-0] INFO reminderapplication.TimeReminderApplication - Selected reminder from the  list Reminder Text: Test reminder starts after set delay; Delay: 5; Period: 0;
?[0m?[0;34m16:05:37.511 [AWT-EventQueue-0] INFO reminderapplication.TimeReminderApplication - EDIT button selected Reminder Text: Test reminder starts after set delay; Delay: 5; Period: 0; 
?[0;34m16:05:37.633 [Test worker] INFO TimeReminderApplicationTest - org.assertj.swing.fixture.FrameFixture@2dab1d4a
?[0m?[0;34m16:05:38.052 [AWT-EventQueue-0] INFO reminderapplication.Controller - OK Edit Test 2 reminder OK button check
?[0;34m16:05:43.060 [Timer-10] INFO reminderapplication.Controller - C:\Users\anton\Downloads\Reminder Application\Reminder application\stage4\src\reminderapplication\music.wav
?[0m?[0;34m16:05:43.061 [Timer-10] INFO reminderapplication.Music - relative path C:\Users\anton\Downloads\Reminder Application\Reminder application\stage4\src\reminderapplication\music.wav
?[0m?[0;34m16:05:43.061 [Timer-10] INFO reminderapplication.Music - absolute path C:\Users\anton\Downloads\Reminder Application\Reminder application\stage4\src\reminderapplication\music.wav
?[0m?[0;34m16:05:43.070 [Timer-10] INFO reminderapplication.Music - Clip instance com.sun.media.sound.DirectAudioDevice$DirectClip@671e19a0
?[0m?[0;34m16:05:43.071 [Timer-10] INFO reminderapplication.Controller - Task performed on
?[0m?[0;34m16:05:46.182 [Test worker] INFO TimeReminderApplicationTest - org.assertj.swing.fixture.FrameFixture@2dab1d4a
?[0m]]></system-out>
  <system-err><![CDATA[]]></system-err>
</testsuite>
