<?xml version="1.0" encoding="UTF-8"?>
<testsuite name="TimeReminderApplicationTest" tests="1" skipped="0" failures="0" errors="0" timestamp="2023-03-14T14:26:35" hostname="ANTONHONOR" time="59.538">
  <properties/>
  <testcase name="start" classname="TimeReminderApplicationTest" time="59.538"/>
  <system-out><![CDATA[?[1;31m
Start test 1?[0m
?[1;31m
Start test 2?[0m
?[1;31m
Start test 3?[0m
?[1;31m
Start test 4?[0m
?[1;31m
Start test 5?[0m
?[1;31m
Start test 6?[0m
?[0;34m17:26:36.583 [Test worker] INFO TimeReminderApplicationTest - Size = 480.0 x 100.0
?[0m?[1;31m
Start test 7?[0m
?[0;34m17:26:36.592 [Test worker] INFO TimeReminderApplicationTest - x=  50.0 , y=  220.0
?[0m?[1;31m
Start test 8?[0m
?[0;34m17:26:36.810 [AWT-EventQueue-0] INFO reminderapplication.TimeReminderApplication - ADD Button selected, list size 0
?[0;34m17:26:36.878 [Test worker] INFO TimeReminderApplicationTest - Created Reminder org.assertj.swing.fixture.FrameFixture@6801f19e
?[0m?[1;31m
Start test 9?[0m
?[1;31m
Start test 10?[0m
?[1;31m
Start test 11?[0m
?[1;31m
Start test 12?[0m
?[0m?[0;34m17:26:37.032 [AWT-EventQueue-0] INFO reminderapplication.ReminderFrame - Closed
?[1;31m
Start test 13?[0m
?[0m?[0;34m17:26:37.260 [AWT-EventQueue-0] INFO reminderapplication.TimeReminderApplication - ADD Button selected, list size 0
?[0;34m17:26:37.362 [Test worker] INFO TimeReminderApplicationTest - null
?[0m?[1;31m
Start test 14?[0m
?[0m?[0;34m17:26:37.806 [AWT-EventQueue-0] INFO reminderapplication.TimeReminderApplication - ADD Button selected, list size 0
?[0;34m17:26:37.910 [Test worker] INFO TimeReminderApplicationTest - org.assertj.swing.fixture.FrameFixture@5edc3ed7
?[0m?[0;34m17:26:38.063 [AWT-EventQueue-0] INFO reminderapplication.Controller - ADD no Edit 
?[0m?[0;34m17:26:38.064 [AWT-EventQueue-0] INFO reminderapplication.Controller - NUMBER  Reminder Text: ; Delay: 30; Period: 0;
?[0m?[1;31m
Start test 15?[0m
?[0m?[0;34m17:26:38.353 [AWT-EventQueue-0] INFO reminderapplication.TimeReminderApplication - ADD Button selected, list size 1
?[1;31m
Start test 16?[0m
?[0;34m17:26:38.464 [Test worker] INFO TimeReminderApplicationTest - org.assertj.swing.fixture.FrameFixture@7072bfe6
?[0m?[0;34m17:26:39.590 [AWT-EventQueue-0] INFO reminderapplication.Controller - ADD no Edit Wake up
?[0m?[0;34m17:26:39.591 [AWT-EventQueue-0] INFO reminderapplication.Controller - NUMBER  Reminder Text: Wake up; Delay: 25; Period: 5;
?[0m?[0;34m17:26:39.881 [AWT-EventQueue-0] INFO reminderapplication.TimeReminderApplication - ADD Button selected, list size 2
?[0m?[0;34m17:26:39.985 [Test worker] INFO TimeReminderApplicationTest - org.assertj.swing.fixture.FrameFixture@240e0835
?[0m?[0;34m17:26:41.093 [AWT-EventQueue-0] INFO reminderapplication.Controller - ADD no Edit Gym
?[0m?[0;34m17:26:41.093 [AWT-EventQueue-0] INFO reminderapplication.Controller - NUMBER  Reminder Text: Gym; Delay: 15; Period: 10;
?[0m?[0;34m17:26:41.382 [AWT-EventQueue-0] INFO reminderapplication.TimeReminderApplication - ADD Button selected, list size 3
?[0m?[0;34m17:26:41.485 [Test worker] INFO TimeReminderApplicationTest - org.assertj.swing.fixture.FrameFixture@73f0a64f
?[0m?[0;34m17:26:42.618 [AWT-EventQueue-0] INFO reminderapplication.Controller - ADD no Edit Do not forget Java lessons
?[0m?[0;34m17:26:42.618 [AWT-EventQueue-0] INFO reminderapplication.Controller - NUMBER  Reminder Text: Do not forget Java lessons; Delay: 5; Period: 20;
?[0m?[0;34m17:26:42.744 [Test worker] INFO TimeReminderApplicationTest - Selected Reminder from Jlist: Reminder Text: ; Delay: 30; Period: 0;
?[0m?[0;34m17:26:42.870 [AWT-EventQueue-0] INFO reminderapplication.TimeReminderApplication - Selected reminder from the  list Reminder Text: ; Delay: 30; Period: 0;
?[0m?[0;34m17:26:42.931 [AWT-EventQueue-0] INFO reminderapplication.TimeReminderApplication - Selected reminder from the  list Reminder Text: ; Delay: 30; Period: 0;
?[0m?[0;34m17:26:43.054 [Test worker] INFO TimeReminderApplicationTest - List size 4
?[0m?[0;34m17:26:43.054 [Test worker] INFO TimeReminderApplicationTest - Selected Reminder from Jlist: Reminder Text: Wake up; Delay: 25; Period: 5;
?[0m?[0;34m17:26:43.182 [AWT-EventQueue-0] INFO reminderapplication.TimeReminderApplication - Selected reminder from the  list Reminder Text: Wake up; Delay: 25; Period: 5;
?[0m?[0;34m17:26:43.244 [AWT-EventQueue-0] INFO reminderapplication.TimeReminderApplication - Selected reminder from the  list Reminder Text: Wake up; Delay: 25; Period: 5;
?[0m?[0;34m17:26:43.369 [Test worker] INFO TimeReminderApplicationTest - List size 4
?[0m?[0;34m17:26:43.369 [Test worker] INFO TimeReminderApplicationTest - Selected Reminder from Jlist: Reminder Text: Gym; Delay: 15; Period: 10;
?[0m?[0;34m17:26:43.499 [AWT-EventQueue-0] INFO reminderapplication.TimeReminderApplication - Selected reminder from the  list Reminder Text: Gym; Delay: 15; Period: 10;
?[0m?[0;34m17:26:43.572 [AWT-EventQueue-0] INFO reminderapplication.TimeReminderApplication - Selected reminder from the  list Reminder Text: Gym; Delay: 15; Period: 10;
?[0m?[0;34m17:26:43.696 [Test worker] INFO TimeReminderApplicationTest - List size 4
?[0m?[0;34m17:26:43.696 [Test worker] INFO TimeReminderApplicationTest - Selected Reminder from Jlist: Reminder Text: Do not forget Java lessons; Delay: 5; Period: 20;
?[0m?[0;34m17:26:43.820 [AWT-EventQueue-0] INFO reminderapplication.TimeReminderApplication - Selected reminder from the  list Reminder Text: Do not forget Java lessons; Delay: 5; Period: 20;
?[0m?[0;34m17:26:43.883 [AWT-EventQueue-0] INFO reminderapplication.TimeReminderApplication - Selected reminder from the  list Reminder Text: Do not forget Java lessons; Delay: 5; Period: 20;
?[0m?[0;34m17:26:44.008 [Test worker] INFO TimeReminderApplicationTest - List size 4
?[0m?[1;31m
Start test 17?[0m
?[0;34m17:26:44.013 [Test worker] INFO TimeReminderApplicationTest - JList size 4
?[0m?[0;34m17:26:44.320 [Test worker] INFO TimeReminderApplicationTest - JList value at  Reminder Text: Do not forget Java lessons; Delay: 5; Period: 20;
?[0m?[0;34m17:26:44.458 [AWT-EventQueue-0] INFO reminderapplication.TimeReminderApplication - EDIT button selected Reminder Text: Do not forget Java lessons; Delay: 5; Period: 20; 
?[0m?[0;34m17:26:44.576 [Test worker] INFO TimeReminderApplicationTest - org.assertj.swing.fixture.FrameFixture@73f0a64f
?[0m?[0;34m17:26:47.081 [AWT-EventQueue-0] INFO reminderapplication.Controller - OK Edit Do not forget Java lessons and Swim
?[0m?[0;34m17:26:47.312 [AWT-EventQueue-0] INFO reminderapplication.TimeReminderApplication - Selected reminder from the  list Reminder Text: Gym; Delay: 15; Period: 10;
?[0m?[0;34m17:26:47.373 [AWT-EventQueue-0] INFO reminderapplication.TimeReminderApplication - Selected reminder from the  list Reminder Text: Gym; Delay: 15; Period: 10;
?[0m?[0;34m17:26:47.484 [Test worker] INFO TimeReminderApplicationTest - JList value at  Reminder Text: Gym; Delay: 15; Period: 10;
?[0m?[0;34m17:26:47.621 [AWT-EventQueue-0] INFO reminderapplication.TimeReminderApplication - EDIT button selected Reminder Text: Gym; Delay: 15; Period: 10; 
?[0m?[0;34m17:26:47.725 [Test worker] INFO TimeReminderApplicationTest - org.assertj.swing.fixture.FrameFixture@240e0835
?[0m?[0;34m17:26:50.087 [AWT-EventQueue-0] INFO reminderapplication.Controller - OK Edit Gym and Swim
?[0m?[0;34m17:26:50.314 [AWT-EventQueue-0] INFO reminderapplication.TimeReminderApplication - Selected reminder from the  list Reminder Text: Wake up; Delay: 25; Period: 5;
?[0m?[0;34m17:26:50.375 [AWT-EventQueue-0] INFO reminderapplication.TimeReminderApplication - Selected reminder from the  list Reminder Text: Wake up; Delay: 25; Period: 5;
?[0m?[0;34m17:26:50.488 [Test worker] INFO TimeReminderApplicationTest - JList value at  Reminder Text: Wake up; Delay: 25; Period: 5;
?[0m?[0;34m17:26:50.625 [AWT-EventQueue-0] INFO reminderapplication.TimeReminderApplication - EDIT button selected Reminder Text: Wake up; Delay: 25; Period: 5; 
?[0m?[0;34m17:26:50.728 [Test worker] INFO TimeReminderApplicationTest - org.assertj.swing.fixture.FrameFixture@7072bfe6
?[0m?[0;34m17:26:53.092 [AWT-EventQueue-0] INFO reminderapplication.Controller - OK Edit Wake up and Swim
?[0m?[0;34m17:26:53.326 [AWT-EventQueue-0] INFO reminderapplication.TimeReminderApplication - Selected reminder from the  list Reminder Text: ; Delay: 30; Period: 0;
?[0m?[0;34m17:26:53.385 [AWT-EventQueue-0] INFO reminderapplication.TimeReminderApplication - Selected reminder from the  list Reminder Text: ; Delay: 30; Period: 0;
?[0m?[0;34m17:26:53.498 [Test worker] INFO TimeReminderApplicationTest - JList value at  Reminder Text: ; Delay: 30; Period: 0;
?[0m?[0;34m17:26:53.634 [AWT-EventQueue-0] INFO reminderapplication.TimeReminderApplication - EDIT button selected Reminder Text: ; Delay: 30; Period: 0; 
?[0m?[0;34m17:26:53.738 [Test worker] INFO TimeReminderApplicationTest - org.assertj.swing.fixture.FrameFixture@5edc3ed7
?[0m?[0;34m17:26:56.105 [AWT-EventQueue-0] INFO reminderapplication.Controller - OK Edit  and Swim
?[0m?[0;34m17:26:56.218 [Test worker] INFO TimeReminderApplicationTest - Reminder Reminder Text:  and Swim; Delay: 5; Period: 20;
?[0m?[0;34m17:26:56.511 [Test worker] INFO TimeReminderApplicationTest - List size 4
?[0m?[0;34m17:26:56.512 [Test worker] INFO TimeReminderApplicationTest - Reminder Reminder Text: Wake up and Swim; Delay: 15; Period: 10;
?[0m?[0;34m17:26:56.626 [AWT-EventQueue-0] INFO reminderapplication.TimeReminderApplication - Selected reminder from the  list Reminder Text: Wake up and Swim; Delay: 15; Period: 10;
?[0m?[0;34m17:26:56.687 [AWT-EventQueue-0] INFO reminderapplication.TimeReminderApplication - Selected reminder from the  list Reminder Text: Wake up and Swim; Delay: 15; Period: 10;
?[0m?[0;34m17:26:56.800 [Test worker] INFO TimeReminderApplicationTest - List size 4
?[0m?[0;34m17:26:56.800 [Test worker] INFO TimeReminderApplicationTest - Reminder Reminder Text: Gym and Swim; Delay: 25; Period: 5;
?[0m?[0;34m17:26:56.916 [AWT-EventQueue-0] INFO reminderapplication.TimeReminderApplication - Selected reminder from the  list Reminder Text: Gym and Swim; Delay: 25; Period: 5;
?[0m?[0;34m17:26:56.977 [AWT-EventQueue-0] INFO reminderapplication.TimeReminderApplication - Selected reminder from the  list Reminder Text: Gym and Swim; Delay: 25; Period: 5;
?[0m?[0;34m17:26:57.091 [Test worker] INFO TimeReminderApplicationTest - List size 4
?[0m?[0;34m17:26:57.091 [Test worker] INFO TimeReminderApplicationTest - Reminder Reminder Text: Do not forget Java lessons and Swim; Delay: 30; Period: 0;
?[0m?[0;34m17:26:57.204 [AWT-EventQueue-0] INFO reminderapplication.TimeReminderApplication - Selected reminder from the  list Reminder Text: Do not forget Java lessons and Swim; Delay: 30; Period: 0;
?[0m?[0;34m17:26:57.266 [AWT-EventQueue-0] INFO reminderapplication.TimeReminderApplication - Selected reminder from the  list Reminder Text: Do not forget Java lessons and Swim; Delay: 30; Period: 0;
?[0m?[0;34m17:26:57.379 [Test worker] INFO TimeReminderApplicationTest - List size 4
?[0m?[1;31m
Start test 18?[0m
?[0;34m17:26:57.383 [Test worker] INFO TimeReminderApplicationTest - List size 4
?[0m?[0;34m17:26:57.498 [AWT-EventQueue-0] INFO reminderapplication.TimeReminderApplication - Selected reminder from the  list Reminder Text:  and Swim; Delay: 5; Period: 20;
?[0m?[0;34m17:26:57.559 [AWT-EventQueue-0] INFO reminderapplication.TimeReminderApplication - Selected reminder from the  list Reminder Text:  and Swim; Delay: 5; Period: 20;
?[0m?[0;34m17:26:57.996 [AWT-EventQueue-0] INFO reminderapplication.TimeReminderApplication - Selected reminder from the  list null
?[0m?[0;34m17:26:57.996 [AWT-EventQueue-0] INFO reminderapplication.Controller - 
?[0m?[0;34m17:26:58.106 [Test worker] INFO TimeReminderApplicationTest - List size 3
?[0m?[0;34m17:26:58.220 [AWT-EventQueue-0] INFO reminderapplication.TimeReminderApplication - Selected reminder from the  list Reminder Text: Wake up and Swim; Delay: 15; Period: 10;
?[0m?[0;34m17:26:58.280 [AWT-EventQueue-0] INFO reminderapplication.TimeReminderApplication - Selected reminder from the  list Reminder Text: Wake up and Swim; Delay: 15; Period: 10;
?[0m?[0;34m17:26:58.721 [AWT-EventQueue-0] INFO reminderapplication.TimeReminderApplication - Selected reminder from the  list null
?[0m?[0;34m17:26:58.721 [AWT-EventQueue-0] INFO reminderapplication.Controller - 
?[0m?[0;34m17:26:58.832 [Test worker] INFO TimeReminderApplicationTest - List size 2
?[0m?[0;34m17:26:58.946 [AWT-EventQueue-0] INFO reminderapplication.TimeReminderApplication - Selected reminder from the  list Reminder Text: Gym and Swim; Delay: 25; Period: 5;
?[0m?[0;34m17:26:59.007 [AWT-EventQueue-0] INFO reminderapplication.TimeReminderApplication - Selected reminder from the  list Reminder Text: Gym and Swim; Delay: 25; Period: 5;
?[0m?[0;34m17:26:59.442 [AWT-EventQueue-0] INFO reminderapplication.TimeReminderApplication - Selected reminder from the  list null
?[0m?[0;34m17:26:59.442 [AWT-EventQueue-0] INFO reminderapplication.Controller - 
?[0m?[0;34m17:26:59.555 [Test worker] INFO TimeReminderApplicationTest - List size 1
?[0m?[0;34m17:26:59.674 [AWT-EventQueue-0] INFO reminderapplication.TimeReminderApplication - Selected reminder from the  list Reminder Text: Do not forget Java lessons and Swim; Delay: 30; Period: 0;
?[0m?[0;34m17:26:59.734 [AWT-EventQueue-0] INFO reminderapplication.TimeReminderApplication - Selected reminder from the  list Reminder Text: Do not forget Java lessons and Swim; Delay: 30; Period: 0;
?[0m?[0;34m17:27:00.169 [AWT-EventQueue-0] INFO reminderapplication.TimeReminderApplication - Selected reminder from the  list null
?[0m?[0;34m17:27:00.169 [AWT-EventQueue-0] INFO reminderapplication.Controller - 
?[0m?[1;31m
Start test 19?[0m
?[0m?[0;34m17:27:00.430 [AWT-EventQueue-0] INFO reminderapplication.TimeReminderApplication - ADD Button selected, list size 0
?[0;34m17:27:00.526 [Test worker] INFO TimeReminderApplicationTest - org.assertj.swing.fixture.FrameFixture@2dab1d4a
?[0m?[0;34m17:27:01.113 [AWT-EventQueue-0] INFO reminderapplication.Controller - ADD no Edit Test reminder starts after set delay
?[0m?[0;34m17:27:01.113 [AWT-EventQueue-0] INFO reminderapplication.TimeReminderApplication - Selected reminder from the  list null
?[0m?[0;34m17:27:01.113 [AWT-EventQueue-0] INFO reminderapplication.Controller - NUMBER  Reminder Text: Test reminder starts after set delay; Delay: 5; Period: 0;
?[0;34m17:27:06.122 [Timer-8] INFO reminderapplication.Controller - C:\Users\anton\Downloads\Reminder Application\Reminder application\stage4\src\reminderapplication\music.wav
?[0m?[0;34m17:27:06.122 [Timer-8] INFO reminderapplication.Music - relative path C:\Users\anton\Downloads\Reminder Application\Reminder application\stage4\src\reminderapplication\music.wav
?[0m?[0;34m17:27:06.122 [Timer-8] INFO reminderapplication.Music - absolute path C:\Users\anton\Downloads\Reminder Application\Reminder application\stage4\src\reminderapplication\music.wav
?[0m?[0;34m17:27:06.155 [Timer-8] INFO reminderapplication.Music - Clip instance com.sun.media.sound.DirectAudioDevice$DirectClip@358175db
?[0m?[0;34m17:27:09.232 [Test worker] INFO TimeReminderApplicationTest - org.assertj.swing.fixture.FrameFixture@2dab1d4a
?[0m?[1;31m
Start test 20?[0m
?[0m?[0;34m17:27:11.179 [Timer-8] INFO reminderapplication.Controller - Task performed on
?[0m?[0;34m17:27:13.385 [AWT-EventQueue-0] INFO reminderapplication.TimeReminderApplication - ADD Button selected, list size 1
?[0;34m17:27:13.483 [Test worker] INFO TimeReminderApplicationTest - org.assertj.swing.fixture.FrameFixture@55d4f09
?[0m?[0;34m17:27:14.068 [AWT-EventQueue-0] INFO reminderapplication.Controller - ADD no Edit Test 1 reminder OK button check
?[0m?[0;34m17:27:14.068 [AWT-EventQueue-0] INFO reminderapplication.TimeReminderApplication - Selected reminder from the  list null
?[0m?[0;34m17:27:14.069 [AWT-EventQueue-0] INFO reminderapplication.Controller - NUMBER  Reminder Text: Test 1 reminder OK button check; Delay: 5; Period: 0;
?[0;34m17:27:19.070 [Timer-9] INFO reminderapplication.Controller - C:\Users\anton\Downloads\Reminder Application\Reminder application\stage4\src\reminderapplication\music.wav
?[0m?[0;34m17:27:19.070 [Timer-9] INFO reminderapplication.Music - relative path C:\Users\anton\Downloads\Reminder Application\Reminder application\stage4\src\reminderapplication\music.wav
?[0m?[0;34m17:27:19.070 [Timer-9] INFO reminderapplication.Music - absolute path C:\Users\anton\Downloads\Reminder Application\Reminder application\stage4\src\reminderapplication\music.wav
?[0m?[0;34m17:27:19.080 [Timer-9] INFO reminderapplication.Music - Clip instance com.sun.media.sound.DirectAudioDevice$DirectClip@695667c3
?[0m?[0;34m17:27:22.187 [Test worker] INFO TimeReminderApplicationTest - org.assertj.swing.fixture.FrameFixture@55d4f09
?[0m?[1;31m
Start test 21?[0m
?[0m?[0;34m17:27:24.106 [Timer-9] INFO reminderapplication.Controller - Task performed on
?[0m?[0;34m17:27:26.312 [AWT-EventQueue-0] INFO reminderapplication.TimeReminderApplication - Selected reminder from the  list Reminder Text: Test reminder starts after set delay; Delay: 5; Period: 0;
?[0m?[0;34m17:27:26.372 [AWT-EventQueue-0] INFO reminderapplication.TimeReminderApplication - Selected reminder from the  list Reminder Text: Test reminder starts after set delay; Delay: 5; Period: 0;
?[0m?[0;34m17:27:26.617 [AWT-EventQueue-0] INFO reminderapplication.TimeReminderApplication - EDIT button selected Reminder Text: Test reminder starts after set delay; Delay: 5; Period: 0; 
?[0;34m17:27:26.731 [Test worker] INFO TimeReminderApplicationTest - org.assertj.swing.fixture.FrameFixture@2dab1d4a
?[0m?[0;34m17:27:27.080 [AWT-EventQueue-0] INFO reminderapplication.Controller - OK Edit Test 2 reminder OK button check
?[0;34m17:27:32.081 [Timer-10] INFO reminderapplication.Controller - C:\Users\anton\Downloads\Reminder Application\Reminder application\stage4\src\reminderapplication\music.wav
?[0m?[0;34m17:27:32.081 [Timer-10] INFO reminderapplication.Music - relative path C:\Users\anton\Downloads\Reminder Application\Reminder application\stage4\src\reminderapplication\music.wav
?[0m?[0;34m17:27:32.081 [Timer-10] INFO reminderapplication.Music - absolute path C:\Users\anton\Downloads\Reminder Application\Reminder application\stage4\src\reminderapplication\music.wav
?[0m?[0;34m17:27:32.090 [Timer-10] INFO reminderapplication.Music - Clip instance com.sun.media.sound.DirectAudioDevice$DirectClip@22338828
?[0m?[0;34m17:27:32.091 [Timer-10] INFO reminderapplication.Controller - Task performed on
?[0m?[0;34m17:27:35.200 [Test worker] INFO TimeReminderApplicationTest - org.assertj.swing.fixture.FrameFixture@2dab1d4a
?[0m]]></system-out>
  <system-err><![CDATA[]]></system-err>
</testsuite>
