<?xml version="1.0" encoding="UTF-8"?>
<testsuite name="TimeReminderApplicationTest" tests="1" skipped="0" failures="0" errors="0" timestamp="2023-03-02T14:29:42" hostname="ANTONHONOR" time="32.925">
  <properties/>
  <testcase name="start" classname="TimeReminderApplicationTest" time="32.925"/>
  <system-out><![CDATA[?[1;31m
Start test 1?[0m
?[1;31m
Start test 2?[0m
?[1;31m
Start test 3?[0m
?[1;31m
Start test 4?[0m
?[1;31m
Start test 5?[0m
?[1;31m
Start test 6?[0m
?[0;34mSize = 480.0x100.0
?[0m?[1;31m
Start test 7?[0m
?[0;34mx= 50.0; y= 220.0
?[0m?[1;31m
Start test 8?[0m
?[0;34mReminder Frames list 0
?[0;34morg.assertj.swing.fixture.FrameFixture@7fe9675d
?[0m?[1;31m
Start test 9?[0m
?[1;31m
Start test 10?[0m
?[1;31m
Start test 11?[0m
?[1;31m
Start test 12?[0m
?[0m?[0;34mClosed
?[1;31m
Start test 13?[0m
?[0m?[0;34mReminder Frames list 0
?[0;34morg.assertj.swing.fixture.FrameFixture@7e0fa275
?[0m?[0;34mCancel null
?[0m?[1;31m
Start test 14?[0m
?[0m?[0;34mReminder Frames list 0
?[0;34morg.assertj.swing.fixture.FrameFixture@3977b1e8
?[0m?[0;34mADD no Edit 
?[0m?[0;34mNUMBER Reminder Text: ; Delay: 30; Period: 0;
?[0m?[1;31m
Start test 15?[0m
?[0m?[0;34mReminder Frames list 1
?[1;31m
Start test 16?[0m
?[0;34morg.assertj.swing.fixture.FrameFixture@77814b92
?[0m?[0;34mADD no Edit Wake up
?[0m?[0;34mNUMBER Reminder Text: Wake up; Delay: 25; Period: 5;
?[0m?[0;34mReminder Frames list 2
?[0m?[0;34morg.assertj.swing.fixture.FrameFixture@2a413f24
?[0m?[0;34mADD no Edit Gym
?[0m?[0;34mNUMBER Reminder Text: Gym; Delay: 15; Period: 10;
?[0m?[0;34mReminder Frames list 3
?[0m?[0;34morg.assertj.swing.fixture.FrameFixture@30cb09e6
?[0m?[0;34mADD no Edit Do not forget Java lessons
?[0m?[0;34mNUMBER Reminder Text: Do not forget Java lessons; Delay: 5; Period: 20;
?[0m?[0;34mReminder Text: ; Delay: 30; Period: 0;
?[0m?[0;34mList size 4
?[0m?[0;34mReminder Text: Wake up; Delay: 25; Period: 5;
?[0m?[0;34mList size 4
?[0m?[0;34mReminder Text: Gym; Delay: 15; Period: 10;
?[0m?[0;34mList size 4
?[0m?[0;34mReminder Text: Do not forget Java lessons; Delay: 5; Period: 20;
?[0m?[0;34mList size 4
?[0m?[1;31m
Start test 17?[0m
?[0;34m4
?[0m?[0;34mReminder Text: Do not forget Java lessons; Delay: 5; Period: 20;
?[0m?[0;34morg.assertj.swing.fixture.FrameFixture@30cb09e6
?[0m?[0;34mOK Edit Do not forget Java lessons and Swim
?[0m?[0;34mReminder Text: Gym; Delay: 15; Period: 10;
?[0m?[0;34morg.assertj.swing.fixture.FrameFixture@2a413f24
?[0m?[0;34mOK Edit Gym and Swim
?[0m?[0;34mReminder Text: Wake up; Delay: 25; Period: 5;
?[0m?[0;34morg.assertj.swing.fixture.FrameFixture@77814b92
?[0m?[0;34mOK Edit Wake up and Swim
?[0m?[0;34mReminder Text: ; Delay: 30; Period: 0;
?[0m?[0;34morg.assertj.swing.fixture.FrameFixture@3977b1e8
?[0m?[0;34mOK Edit  and Swim
?[0m?[0;34mReminder Text:  and Swim; Delay: 5; Period: 20;
?[0m?[0;34mList size 4
?[0m?[0;34mReminder Text: Wake up and Swim; Delay: 15; Period: 10;
?[0m?[0;34mList size 4
?[0m?[0;34mReminder Text: Gym and Swim; Delay: 25; Period: 5;
?[0m?[0;34mList size 4
?[0m?[0;34mReminder Text: Do not forget Java lessons and Swim; Delay: 30; Period: 0;
?[0m?[0;34mList size 4
?[0m?[1;31m
Start test 18?[0m
?[0;34m4 length
?[0m?[0;34m3
?[0m?[0;34m3 length
?[0m?[0;34m2
?[0m?[0;34m2 length
?[0m?[0;34m1
?[0m?[0;34m1 length
?[0m?[0;34m0
?[0m?[1;31m
Start test 19?[0m
?[0m?[0;34mReminder Frames list 0
?[0;34morg.assertj.swing.fixture.FrameFixture@424c6a57
?[0m?[0;34mADD no Edit Test reminder starts after set delay
?[0m?[0;34mNUMBER Reminder Text: Test reminder starts after set delay; Delay: 5; Period: 0;
?[0m?[0;34morg.assertj.swing.fixture.FrameFixture@424c6a57
?[0m]]></system-out>
  <system-err><![CDATA[]]></system-err>
</testsuite>
