<?xml version="1.0" encoding="UTF-8"?>
<testsuite name="TimeReminderApplicationTest" tests="1" skipped="0" failures="0" errors="0" timestamp="2023-03-14T12:57:49" hostname="ANTONHONOR" time="6.276">
  <properties/>
  <testcase name="start" classname="TimeReminderApplicationTest" time="6.276"/>
  <system-out><![CDATA[?[1;31m
Start test 1?[0m
?[1;31m
Start test 2?[0m
?[1;31m
Start test 3?[0m
?[1;31m
Start test 4?[0m
?[1;31m
Start test 5?[0m
?[1;31m
Start test 6?[0m
?[0;34m15:57:50.558 [Test worker] INFO TimeReminderApplicationTest - Size = 480.0  x  100.0
?[0m?[1;31m
Start test 7?[0m
?[0;34m15:57:50.568 [Test worker] INFO TimeReminderApplicationTest - x =  50.0 , y =  220.0
?[0m?[1;31m
Start test 8?[0m
?[0;34m15:57:50.777 [AWT-EventQueue-0] INFO reminderapplication.TimeReminderApplication - Reminder Frames list size: 0
?[0;34m15:57:50.850 [Test worker] INFO TimeReminderApplicationTest - Created Reminder: org.assertj.swing.fixture.FrameFixture@4dd88380
?[0m?[1;31m
Start test 9?[0m
?[1;31m
Start test 10?[0m
?[1;31m
Start test 11?[0m
?[1;31m
Start test 12?[0m
?[0m?[0;34m15:57:51.004 [AWT-EventQueue-0] ERROR reminderapplication.ReminderFrame - Set Reminder Closed
?[1;31m
Start test 13?[0m
?[0m?[0;34m15:57:51.245 [AWT-EventQueue-0] INFO reminderapplication.TimeReminderApplication - Reminder Frames list size: 0
?[0;34m15:57:51.347 [Test worker] INFO TimeReminderApplicationTest - org.assertj.swing.fixture.FrameFixture@65b73f0d
?[0m?[1;31m
Start test 14?[0m
?[0m?[0;34m15:57:51.805 [AWT-EventQueue-0] INFO reminderapplication.TimeReminderApplication - Reminder Frames list size: 0
?[0;34m15:57:51.908 [Test worker] INFO TimeReminderApplicationTest - org.assertj.swing.fixture.FrameFixture@707d3aaa
?[0m?[1;31m
Start test 15?[0m
?[0m?[0;34m15:57:52.367 [AWT-EventQueue-0] INFO reminderapplication.TimeReminderApplication - Reminder Frames list size: 0
?[1;31m
Start test 16?[0m
?[0;34m15:57:52.477 [Test worker] INFO TimeReminderApplicationTest - org.assertj.swing.fixture.FrameFixture@707d3aaa
?[0m?[0;34m15:57:52.547 [Test worker] INFO TimeReminderApplicationTest - Field text: 
?[0m?[0;34m15:57:52.547 [Test worker] INFO TimeReminderApplicationTest - expected Field text: 
?[0m?[0;34m15:57:52.623 [Test worker] INFO TimeReminderApplicationTest - Field text: Wake up
?[0m?[0;34m15:57:52.623 [Test worker] INFO TimeReminderApplicationTest - expected Field text: Wake up
?[0m?[0;34m15:57:52.684 [Test worker] INFO TimeReminderApplicationTest - Field text: Gym
?[0m?[0;34m15:57:52.684 [Test worker] INFO TimeReminderApplicationTest - expected Field text: Gym
?[0m?[0;34m15:57:52.762 [Test worker] INFO TimeReminderApplicationTest - Field text: Do not forget Java lessons
?[0m?[0;34m15:57:52.762 [Test worker] INFO TimeReminderApplicationTest - expected Field text: Do not forget Java lessons
?[0m?[1;31m
Start test 17?[0m
?[0;34m15:57:52.981 [Test worker] INFO TimeReminderApplicationTest - Delay ComboBox selected item: 30
?[0m?[0;34m15:57:52.981 [Test worker] INFO TimeReminderApplicationTest - Delay to be selected:  30
?[0m?[0;34m15:57:52.983 [Test worker] INFO TimeReminderApplicationTest - Delays label text:  30
?[0m?[0;34m15:57:53.439 [Test worker] INFO TimeReminderApplicationTest - Delay ComboBox selected item: 25
?[0m?[0;34m15:57:53.439 [Test worker] INFO TimeReminderApplicationTest - Delay to be selected:  25
?[0m?[0;34m15:57:53.440 [Test worker] INFO TimeReminderApplicationTest - Delays label text:  25
?[0m?[0;34m15:57:53.877 [Test worker] INFO TimeReminderApplicationTest - Delay ComboBox selected item: 15
?[0m?[0;34m15:57:53.878 [Test worker] INFO TimeReminderApplicationTest - Delay to be selected:  15
?[0m?[0;34m15:57:53.879 [Test worker] INFO TimeReminderApplicationTest - Delays label text:  15
?[0m?[0;34m15:57:54.313 [Test worker] INFO TimeReminderApplicationTest - Delay ComboBox selected item: 5
?[0m?[0;34m15:57:54.314 [Test worker] INFO TimeReminderApplicationTest - Delay to be selected:  5
?[0m?[0;34m15:57:54.315 [Test worker] INFO TimeReminderApplicationTest - Delays label text:  5
?[0m?[1;31m
Start test 18?[0m
?[0;34m15:57:54.517 [Test worker] INFO TimeReminderApplicationTest - Period ComboBox selected item: 0
?[0m?[0;34m15:57:54.517 [Test worker] INFO TimeReminderApplicationTest - Period to be selected:  0
?[0m?[0;34m15:57:54.518 [Test worker] INFO TimeReminderApplicationTest - Period label text:  0
?[0m?[0;34m15:57:54.970 [Test worker] INFO TimeReminderApplicationTest - Period ComboBox selected item: 5
?[0m?[0;34m15:57:54.970 [Test worker] INFO TimeReminderApplicationTest - Period to be selected:  5
?[0m?[0;34m15:57:54.972 [Test worker] INFO TimeReminderApplicationTest - Period label text:  5
?[0m?[0;34m15:57:55.421 [Test worker] INFO TimeReminderApplicationTest - Period ComboBox selected item: 10
?[0m?[0;34m15:57:55.421 [Test worker] INFO TimeReminderApplicationTest - Period to be selected:  10
?[0m?[0;34m15:57:55.422 [Test worker] INFO TimeReminderApplicationTest - Period label text:  10
?[0m?[0;34m15:57:55.863 [Test worker] INFO TimeReminderApplicationTest - Period ComboBox selected item: 20
?[0m?[0;34m15:57:55.863 [Test worker] INFO TimeReminderApplicationTest - Period to be selected:  20
?[0m?[0;34m15:57:55.864 [Test worker] INFO TimeReminderApplicationTest - Period label text:  20
?[0m]]></system-out>
  <system-err><![CDATA[]]></system-err>
</testsuite>
