<?xml version="1.0" encoding="UTF-8"?>
<testsuite name="TimeReminderApplicationTest" tests="1" skipped="0" failures="0" errors="0" timestamp="2023-03-08T06:52:24" hostname="ANTONHONOR" time="6.199">
  <properties/>
  <testcase name="start" classname="TimeReminderApplicationTest" time="6.199"/>
  <system-out><![CDATA[?[1;31m
Start test 1?[0m
?[1;31m
Start test 2?[0m
?[1;31m
Start test 3?[0m
?[1;31m
Start test 4?[0m
?[1;31m
Start test 5?[0m
?[1;31m
Start test 6?[0m
?[0;34mSize = 480.0x100.0
?[0m?[1;31m
Start test 7?[0m
?[0;34mx= 50.0; y= 220.0
?[0m?[1;31m
Start test 8?[0m
?[0;34mReminder Frames list size 0
?[0;34morg.assertj.swing.fixture.FrameFixture@3fff55f0
?[0m?[1;31m
Start test 9?[0m
?[1;31m
Start test 10?[0m
?[1;31m
Start test 11?[0m
?[1;31m
Start test 12?[0m
?[0m?[0;34mClosed
?[1;31m
Start test 13?[0m
?[0m?[0;34mReminder Frames list size 0
?[0;34morg.assertj.swing.fixture.FrameFixture@50fdf6da
?[0m?[0;34mCancel null
?[0m?[1;31m
Start test 14?[0m
?[0m?[0;34mReminder Frames list size 0
?[0;34morg.assertj.swing.fixture.FrameFixture@23f6c736
?[0m?[1;31m
Start test 15?[0m
?[0m?[0;34mReminder Frames list size 0
?[1;31m
Start test 16?[0m
?[0;34morg.assertj.swing.fixture.FrameFixture@247d1377
?[0m?[0;34m
?[0m?[0;34m
?[0m?[0;34mWake up
?[0m?[0;34mWake up
?[0m?[0;34mGym
?[0m?[0;34mGym
?[0m?[0;34mDo not forget Java lessons
?[0m?[0;34mDo not forget Java lessons
?[0m?[1;31m
Start test 17?[0m
?[0;34m30
?[0m?[0;34m30
?[0m?[0;34mDelays label text 30
?[0m?[0;34m25
?[0m?[0;34m25
?[0m?[0;34mDelays label text 25
?[0m?[0;34m15
?[0m?[0;34m15
?[0m?[0;34mDelays label text 15
?[0m?[0;34m5
?[0m?[0;34m5
?[0m?[0;34mDelays label text 5
?[0m?[1;31m
Start test 18?[0m
?[0;34m0
?[0m?[0;34m0
?[0m?[0;34mPeriod label text 0
?[0m?[0;34m5
?[0m?[0;34m5
?[0m?[0;34mPeriod label text 5
?[0m?[0;34m10
?[0m?[0;34m10
?[0m?[0;34mPeriod label text 10
?[0m?[0;34m20
?[0m?[0;34m20
?[0m?[0;34mPeriod label text 20
?[0m]]></system-out>
  <system-err><![CDATA[]]></system-err>
</testsuite>
