<?xml version="1.0" encoding="UTF-8"?>
<testsuite name="TimeReminderApplicationTest" tests="1" skipped="0" failures="0" errors="0" timestamp="2023-03-14T14:26:14" hostname="ANTONHONOR" time="12.451">
  <properties/>
  <testcase name="start" classname="TimeReminderApplicationTest" time="12.451"/>
  <system-out><![CDATA[?[1;31m
Start test 1?[0m
?[1;31m
Start test 2?[0m
?[1;31m
Start test 3?[0m
?[1;31m
Start test 4?[0m
?[1;31m
Start test 5?[0m
?[1;31m
Start test 6?[0m
?[0;34m17:26:15.502 [Test worker] INFO TimeReminderApplicationTest - Size = 480.0 x 100.0
?[0m?[1;31m
Start test 7?[0m
?[0;34m17:26:15.511 [Test worker] INFO TimeReminderApplicationTest - x=  50.0 , y=  220.0
?[0m?[1;31m
Start test 8?[0m
?[0;34m17:26:15.801 [Test worker] INFO TimeReminderApplicationTest - Created Reminder org.assertj.swing.fixture.FrameFixture@1a981aac
?[0m?[1;31m
Start test 9?[0m
?[1;31m
Start test 10?[0m
?[1;31m
Start test 11?[0m
?[1;31m
Start test 12?[0m
?[0;34m17:26:15.955 [AWT-EventQueue-0] INFO reminderapplication.ReminderFrame - Closed
?[1;31m
Start test 13?[0m
?[0;34m17:26:16.298 [Test worker] INFO TimeReminderApplicationTest - org.assertj.swing.fixture.FrameFixture@6f373fa2
?[0m?[1;31m
Start test 14?[0m
?[0;34m17:26:16.859 [Test worker] INFO TimeReminderApplicationTest - org.assertj.swing.fixture.FrameFixture@7541831b
?[0m?[1;31m
Start test 15?[0m
?[0;34m17:26:17.830 [Test worker] INFO TimeReminderApplicationTest - org.assertj.swing.fixture.FrameFixture@6c639bf2
?[0m?[1;31m
Start test 16?[0m
?[0;34m17:26:18.081 [Test worker] INFO TimeReminderApplicationTest - List size 1
?[0m?[0;34m17:26:18.083 [Test worker] INFO TimeReminderApplicationTest - Selected Reminder from Jlist Reminder Text: Do not forget Java lessons; Delay: 30; Period: 0;
?[0m?[0;34m17:26:18.084 [Test worker] INFO TimeReminderApplicationTest - List size 1
?[0m?[1;31m
Start test 17?[0m
?[0;34m17:26:18.330 [Test worker] INFO TimeReminderApplicationTest - org.assertj.swing.fixture.FrameFixture@6c639bf2
?[0m?[0;34m17:26:27.041 [Test worker] INFO TimeReminderApplicationTest - org.assertj.swing.fixture.FrameFixture@6c639bf2
?[0m]]></system-out>
  <system-err><![CDATA[]]></system-err>
</testsuite>
