<?xml version="1.0" encoding="UTF-8"?>
<testsuite name="TimeReminderApplicationTest" tests="1" skipped="0" failures="0" errors="0" timestamp="2023-03-14T12:59:50" hostname="ANTONHONOR" time="12.681">
  <properties/>
  <testcase name="start" classname="TimeReminderApplicationTest" time="12.681"/>
  <system-out><![CDATA[?[1;31m
Start test 1?[0m
?[1;31m
Start test 2?[0m
?[1;31m
Start test 3?[0m
?[1;31m
Start test 4?[0m
?[1;31m
Start test 5?[0m
?[1;31m
Start test 6?[0m
?[0;34m15:59:51.446 [Test worker] INFO TimeReminderApplicationTest - Size = 480.0 x 100.0
?[0m?[1;31m
Start test 7?[0m
?[0;34m15:59:51.462 [Test worker] INFO TimeReminderApplicationTest - x=  50.0 , y=  220.0
?[0m?[1;31m
Start test 8?[0m
?[0;34m15:59:51.748 [Test worker] INFO TimeReminderApplicationTest - Created Reminder org.assertj.swing.fixture.FrameFixture@1a981aac
?[0m?[1;31m
Start test 9?[0m
?[1;31m
Start test 10?[0m
?[1;31m
Start test 11?[0m
?[1;31m
Start test 12?[0m
?[0;34m15:59:51.917 [AWT-EventQueue-0] INFO reminderapplication.ReminderFrame - Closed
?[1;31m
Start test 13?[0m
?[0;34m15:59:52.260 [Test worker] INFO TimeReminderApplicationTest - org.assertj.swing.fixture.FrameFixture@6f373fa2
?[0m?[1;31m
Start test 14?[0m
?[0;34m15:59:52.821 [Test worker] INFO TimeReminderApplicationTest - org.assertj.swing.fixture.FrameFixture@7541831b
?[0m?[1;31m
Start test 15?[0m
?[0;34m15:59:53.837 [Test worker] INFO TimeReminderApplicationTest - org.assertj.swing.fixture.FrameFixture@6c639bf2
?[0m?[1;31m
Start test 16?[0m
?[0;34m15:59:54.116 [Test worker] INFO TimeReminderApplicationTest - List size 1
?[0m?[0;34m15:59:54.118 [Test worker] INFO TimeReminderApplicationTest - Selected Reminder from Jlist Reminder Text: Do not forget Java lessons; Delay: 30; Period: 0;
?[0m?[0;34m15:59:54.119 [Test worker] INFO TimeReminderApplicationTest - List size 1
?[0m?[1;31m
Start test 17?[0m
?[0;34m15:59:54.394 [Test worker] INFO TimeReminderApplicationTest - org.assertj.swing.fixture.FrameFixture@6c639bf2
?[0m?[0;34m16:00:03.198 [Test worker] INFO TimeReminderApplicationTest - org.assertj.swing.fixture.FrameFixture@6c639bf2
?[0m]]></system-out>
  <system-err><![CDATA[]]></system-err>
</testsuite>
